Collecting markitdown
  Downloading markitdown-0.1.5-py3-none-any.whl.metadata (4.1 kB)
Collecting beautifulsoup4 (from markitdown)
  Using cached beautifulsoup4-4.14.3-py3-none-any.whl.metadata (3.8 kB)
Collecting charset-normalizer (from markitdown)
  Using cached charset_normalizer-3.4.7-cp314-cp314-macosx_10_15_universal2.whl.metadata (40 kB)
Collecting defusedxml (from markitdown)
  Downloading defusedxml-0.7.1-py2.py3-none-any.whl.metadata (32 kB)
Collecting magika~=0.6.1 (from markitdown)
  Downloading magika-0.6.3-py3-none-macosx_11_0_arm64.whl.metadata (10 kB)
Collecting markdownify (from markitdown)
  Using cached markdownify-1.2.2-py3-none-any.whl.metadata (9.9 kB)
Collecting requests (from markitdown)
  Downloading requests-2.34.1-py3-none-any.whl.metadata (4.8 kB)
Collecting click>=8.1.7 (from magika~=0.6.1->markitdown)
  Using cached click-8.3.3-py3-none-any.whl.metadata (2.6 kB)
Collecting onnxruntime>=1.17.0 (from magika~=0.6.1->markitdown)
  Using cached onnxruntime-1.26.0-cp314-cp314-macosx_14_0_arm64.whl.metadata (5.3 kB)
Collecting numpy>=2.1.0 (from magika~=0.6.1->markitdown)
  Using cached numpy-2.4.4-cp314-cp314-macosx_14_0_arm64.whl.metadata (6.6 kB)
Collecting python-dotenv>=1.0.1 (from magika~=0.6.1->markitdown)
  Using cached python_dotenv-1.2.2-py3-none-any.whl.metadata (27 kB)
Collecting flatbuffers (from onnxruntime>=1.17.0->magika~=0.6.1->markitdown)
  Using cached flatbuffers-25.12.19-py2.py3-none-any.whl.metadata (1.0 kB)
Collecting packaging (from onnxruntime>=1.17.0->magika~=0.6.1->markitdown)
  Using cached packaging-26.2-py3-none-any.whl.metadata (3.5 kB)
Collecting protobuf (from onnxruntime>=1.17.0->magika~=0.6.1->markitdown)
  Using cached protobuf-7.34.1-cp310-abi3-macosx_10_9_universal2.whl.metadata (595 bytes)
Collecting soupsieve>=1.6.1 (from beautifulsoup4->markitdown)
  Using cached soupsieve-2.8.3-py3-none-any.whl.metadata (4.6 kB)
Collecting typing-extensions>=4.0.0 (from beautifulsoup4->markitdown)
  Using cached typing_extensions-4.15.0-py3-none-any.whl.metadata (3.3 kB)
Collecting six<2,>=1.15 (from markdownify->markitdown)
  Using cached six-1.17.0-py2.py3-none-any.whl.metadata (1.7 kB)
Collecting idna<4,>=2.5 (from requests->markitdown)
  Downloading idna-3.15-py3-none-any.whl.metadata (7.7 kB)
Collecting urllib3<3,>=1.26 (from requests->markitdown)
  Using cached urllib3-2.7.0-py3-none-any.whl.metadata (6.9 kB)
Collecting certifi>=2023.5.7 (from requests->markitdown)
  Using cached certifi-2026.4.22-py3-none-any.whl.metadata (2.5 kB)
Downloading markitdown-0.1.5-py3-none-any.whl (63 kB)
Downloading magika-0.6.3-py3-none-macosx_11_0_arm64.whl (13.4 MB)
   ━━━━━━━━━━━━━━━━━━━━━━━━━━━━━━━━━━━━━━━━ 13.4/13.4 MB 2.8 MB/s  0:00:05
Using cached click-8.3.3-py3-none-any.whl (110 kB)
Using cached numpy-2.4.4-cp314-cp314-macosx_14_0_arm64.whl (5.2 MB)
Using cached onnxruntime-1.26.0-cp314-cp314-macosx_14_0_arm64.whl (18.0 MB)
Using cached python_dotenv-1.2.2-py3-none-any.whl (22 kB)
Using cached beautifulsoup4-4.14.3-py3-none-any.whl (107 kB)
Using cached soupsieve-2.8.3-py3-none-any.whl (37 kB)
Using cached typing_extensions-4.15.0-py3-none-any.whl (44 kB)
Using cached charset_normalizer-3.4.7-cp314-cp314-macosx_10_15_universal2.whl (309 kB)
Downloading defusedxml-0.7.1-py2.py3-none-any.whl (25 kB)
Using cached flatbuffers-25.12.19-py2.py3-none-any.whl (26 kB)
Using cached markdownify-1.2.2-py3-none-any.whl (15 kB)
Using cached six-1.17.0-py2.py3-none-any.whl (11 kB)
Using cached packaging-26.2-py3-none-any.whl (100 kB)
Using cached protobuf-7.34.1-cp310-abi3-macosx_10_9_universal2.whl (429 kB)
Downloading requests-2.34.1-py3-none-any.whl (73 kB)
Downloading idna-3.15-py3-none-any.whl (72 kB)
Using cached urllib3-2.7.0-py3-none-any.whl (131 kB)
Using cached certifi-2026.4.22-py3-none-any.whl (135 kB)
Installing collected packages: flatbuffers, urllib3, typing-extensions, soupsieve, six, python-dotenv, protobuf, packaging, numpy, idna, defusedxml, click, charset-normalizer, certifi, requests, onnxruntime, beautifulsoup4, markdownify, magika, markitdown

Successfully installed beautifulsoup4-4.14.3 certifi-2026.4.22 charset-normalizer-3.4.7 click-8.3.3 defusedxml-0.7.1 flatbuffers-25.12.19 idna-3.15 magika-0.6.3 markdownify-1.2.2 markitdown-0.1.5 numpy-2.4.4 onnxruntime-1.26.0 packaging-26.2 protobuf-7.34.1 python-dotenv-1.2.2 requests-2.34.1 six-1.17.0 soupsieve-2.8.3 typing-extensions-4.15.0 urllib3-2.7.0

[notice] A new release of pip is available: 25.3 -> 26.1.1
[notice] To update, run: /Users/cui/Documents/pytest/standard-pdf-md-lab/.venv-markitdown/bin/python -m pip install --upgrade pip
Requirement already satisfied: markitdown[pdf] in ./.venv-markitdown/lib/python3.14/site-packages (0.1.5)
Requirement already satisfied: beautifulsoup4 in ./.venv-markitdown/lib/python3.14/site-packages (from markitdown[pdf]) (4.14.3)
Requirement already satisfied: charset-normalizer in ./.venv-markitdown/lib/python3.14/site-packages (from markitdown[pdf]) (3.4.7)
Requirement already satisfied: defusedxml in ./.venv-markitdown/lib/python3.14/site-packages (from markitdown[pdf]) (0.7.1)
Requirement already satisfied: magika~=0.6.1 in ./.venv-markitdown/lib/python3.14/site-packages (from markitdown[pdf]) (0.6.3)
Requirement already satisfied: markdownify in ./.venv-markitdown/lib/python3.14/site-packages (from markitdown[pdf]) (1.2.2)
Requirement already satisfied: requests in ./.venv-markitdown/lib/python3.14/site-packages (from markitdown[pdf]) (2.34.1)
Collecting pdfminer-six>=20251230 (from markitdown[pdf])
  Downloading pdfminer_six-20260107-py3-none-any.whl.metadata (4.3 kB)
Collecting pdfplumber>=0.11.9 (from markitdown[pdf])
  Using cached pdfplumber-0.11.9-py3-none-any.whl.metadata (43 kB)
Requirement already satisfied: click>=8.1.7 in ./.venv-markitdown/lib/python3.14/site-packages (from magika~=0.6.1->markitdown[pdf]) (8.3.3)
Requirement already satisfied: onnxruntime>=1.17.0 in ./.venv-markitdown/lib/python3.14/site-packages (from magika~=0.6.1->markitdown[pdf]) (1.26.0)
Requirement already satisfied: numpy>=2.1.0 in ./.venv-markitdown/lib/python3.14/site-packages (from magika~=0.6.1->markitdown[pdf]) (2.4.4)
Requirement already satisfied: python-dotenv>=1.0.1 in ./.venv-markitdown/lib/python3.14/site-packages (from magika~=0.6.1->markitdown[pdf]) (1.2.2)
Requirement already satisfied: flatbuffers in ./.venv-markitdown/lib/python3.14/site-packages (from onnxruntime>=1.17.0->magika~=0.6.1->markitdown[pdf]) (25.12.19)
Requirement already satisfied: packaging in ./.venv-markitdown/lib/python3.14/site-packages (from onnxruntime>=1.17.0->magika~=0.6.1->markitdown[pdf]) (26.2)
Requirement already satisfied: protobuf in ./.venv-markitdown/lib/python3.14/site-packages (from onnxruntime>=1.17.0->magika~=0.6.1->markitdown[pdf]) (7.34.1)
Collecting cryptography>=36.0.0 (from pdfminer-six>=20251230->markitdown[pdf])
  Using cached cryptography-48.0.0-cp311-abi3-macosx_10_9_universal2.whl.metadata (4.3 kB)
Collecting cffi>=2.0.0 (from cryptography>=36.0.0->pdfminer-six>=20251230->markitdown[pdf])
  Using cached cffi-2.0.0-cp314-cp314-macosx_11_0_arm64.whl.metadata (2.6 kB)
Collecting pycparser (from cffi>=2.0.0->cryptography>=36.0.0->pdfminer-six>=20251230->markitdown[pdf])
  Using cached pycparser-3.0-py3-none-any.whl.metadata (8.2 kB)
Collecting pdfminer-six>=20251230 (from markitdown[pdf])
  Using cached pdfminer_six-20251230-py3-none-any.whl.metadata (4.3 kB)
Collecting Pillow>=9.1 (from pdfplumber>=0.11.9->markitdown[pdf])
  Downloading pillow-12.2.0-cp314-cp314-macosx_11_0_arm64.whl.metadata (8.8 kB)
Collecting pypdfium2>=4.18.0 (from pdfplumber>=0.11.9->markitdown[pdf])
  Downloading pypdfium2-5.8.0-py3-none-macosx_11_0_arm64.whl.metadata (68 kB)
Requirement already satisfied: soupsieve>=1.6.1 in ./.venv-markitdown/lib/python3.14/site-packages (from beautifulsoup4->markitdown[pdf]) (2.8.3)
Requirement already satisfied: typing-extensions>=4.0.0 in ./.venv-markitdown/lib/python3.14/site-packages (from beautifulsoup4->markitdown[pdf]) (4.15.0)
Requirement already satisfied: six<2,>=1.15 in ./.venv-markitdown/lib/python3.14/site-packages (from markdownify->markitdown[pdf]) (1.17.0)
Requirement already satisfied: idna<4,>=2.5 in ./.venv-markitdown/lib/python3.14/site-packages (from requests->markitdown[pdf]) (3.15)
Requirement already satisfied: urllib3<3,>=1.26 in ./.venv-markitdown/lib/python3.14/site-packages (from requests->markitdown[pdf]) (2.7.0)
Requirement already satisfied: certifi>=2023.5.7 in ./.venv-markitdown/lib/python3.14/site-packages (from requests->markitdown[pdf]) (2026.4.22)
Using cached cryptography-48.0.0-cp311-abi3-macosx_10_9_universal2.whl (8.0 MB)
Using cached cffi-2.0.0-cp314-cp314-macosx_11_0_arm64.whl (181 kB)
Using cached pdfplumber-0.11.9-py3-none-any.whl (60 kB)
Using cached pdfminer_six-20251230-py3-none-any.whl (6.6 MB)
Downloading pillow-12.2.0-cp314-cp314-macosx_11_0_arm64.whl (4.7 MB)
   ━━━━━━━━━━━━━━━━━━━━━━━━━━━━━━━━━━━━━━━━ 4.7/4.7 MB 4.3 MB/s  0:00:01
Downloading pypdfium2-5.8.0-py3-none-macosx_11_0_arm64.whl (3.5 MB)
   ━━━━━━━━━━━━━━━━━━━━━━━━━━━━━━━━━━━━━━━━ 3.5/3.5 MB 7.6 MB/s  0:00:00
Using cached pycparser-3.0-py3-none-any.whl (48 kB)
Installing collected packages: pypdfium2, pycparser, Pillow, cffi, cryptography, pdfminer-six, pdfplumber

Successfully installed Pillow-12.2.0 cffi-2.0.0 cryptography-48.0.0 pdfminer-six-20251230 pdfplumber-0.11.9 pycparser-3.0 pypdfium2-5.8.0

[notice] A new release of pip is available: 25.3 -> 26.1.1
[notice] To update, run: /Users/cui/Documents/pytest/standard-pdf-md-lab/.venv-markitdown/bin/python -m pip install --upgrade pip
