Collecting magic-pdf
  Downloading magic_pdf-1.3.12-py3-none-any.whl.metadata (49 kB)
Collecting Brotli>=1.1.0 (from magic-pdf)
  Downloading brotli-1.2.0-cp313-cp313-macosx_10_13_universal2.whl.metadata (6.1 kB)
Collecting PyMuPDF<1.25.0,>=1.24.9 (from magic-pdf)
  Using cached PyMuPDF-1.24.14-cp39-abi3-macosx_11_0_arm64.whl.metadata (3.4 kB)
Collecting boto3>=1.28.43 (from magic-pdf)
  Using cached boto3-1.43.7-py3-none-any.whl.metadata (6.6 kB)
Collecting click>=8.1.7 (from magic-pdf)
  Using cached click-8.3.3-py3-none-any.whl.metadata (2.6 kB)
Collecting fast-langdetect<0.3.0,>=0.2.3 (from magic-pdf)
  Using cached fast_langdetect-0.2.5-py3-none-any.whl.metadata (5.6 kB)
Collecting loguru>=0.6.0 (from magic-pdf)
  Using cached loguru-0.7.3-py3-none-any.whl.metadata (22 kB)
Collecting numpy>=1.21.6 (from magic-pdf)
  Downloading numpy-2.4.4-cp313-cp313-macosx_14_0_arm64.whl.metadata (6.6 kB)
Collecting pdfminer.six==20250506 (from magic-pdf)
  Downloading pdfminer_six-20250506-py3-none-any.whl.metadata (4.2 kB)
Collecting pydantic<2.11,>=2.7.2 (from magic-pdf)
  Using cached pydantic-2.10.6-py3-none-any.whl.metadata (30 kB)
Collecting scikit-learn>=1.0.2 (from magic-pdf)
  Downloading scikit_learn-1.8.0-cp313-cp313-macosx_12_0_arm64.whl.metadata (11 kB)
Collecting torch!=2.5.0,!=2.5.1,<3,>=2.2.2 (from magic-pdf)
  Downloading torch-2.12.0-cp313-cp313-macosx_14_0_arm64.whl.metadata (31 kB)
Collecting torchvision (from magic-pdf)
  Downloading torchvision-0.27.0-cp313-cp313-macosx_14_0_arm64.whl.metadata (5.5 kB)
Collecting tqdm>=4.67.1 (from magic-pdf)
  Using cached tqdm-4.67.3-py3-none-any.whl.metadata (57 kB)
Collecting transformers!=4.51.0,<5.0.0,>=4.49.0 (from magic-pdf)
  Using cached transformers-4.57.6-py3-none-any.whl.metadata (43 kB)
Collecting charset-normalizer>=2.0.0 (from pdfminer.six==20250506->magic-pdf)
  Downloading charset_normalizer-3.4.7-cp313-cp313-macosx_10_13_universal2.whl.metadata (40 kB)
Collecting cryptography>=36.0.0 (from pdfminer.six==20250506->magic-pdf)
  Using cached cryptography-48.0.0-cp311-abi3-macosx_10_9_universal2.whl.metadata (4.3 kB)
Collecting robust-downloader>=0.0.2 (from fast-langdetect<0.3.0,>=0.2.3->magic-pdf)
  Using cached robust_downloader-0.0.2-py3-none-any.whl.metadata (4.1 kB)
Collecting requests>=2.32.3 (from fast-langdetect<0.3.0,>=0.2.3->magic-pdf)
  Using cached requests-2.34.1-py3-none-any.whl.metadata (4.8 kB)
Collecting fasttext-predict>=0.9.2.4 (from fast-langdetect<0.3.0,>=0.2.3->magic-pdf)
  Downloading fasttext_predict-0.9.2.4-cp313-cp313-macosx_11_0_arm64.whl.metadata (1.7 kB)
Collecting annotated-types>=0.6.0 (from pydantic<2.11,>=2.7.2->magic-pdf)
  Using cached annotated_types-0.7.0-py3-none-any.whl.metadata (15 kB)
Collecting pydantic-core==2.27.2 (from pydantic<2.11,>=2.7.2->magic-pdf)
  Downloading pydantic_core-2.27.2-cp313-cp313-macosx_11_0_arm64.whl.metadata (6.6 kB)
Collecting typing-extensions>=4.12.2 (from pydantic<2.11,>=2.7.2->magic-pdf)
  Using cached typing_extensions-4.15.0-py3-none-any.whl.metadata (3.3 kB)
Collecting filelock (from torch!=2.5.0,!=2.5.1,<3,>=2.2.2->magic-pdf)
  Using cached filelock-3.29.0-py3-none-any.whl.metadata (2.0 kB)
Collecting setuptools<82 (from torch!=2.5.0,!=2.5.1,<3,>=2.2.2->magic-pdf)
  Using cached setuptools-81.0.0-py3-none-any.whl.metadata (6.6 kB)
Collecting sympy>=1.13.3 (from torch!=2.5.0,!=2.5.1,<3,>=2.2.2->magic-pdf)
  Using cached sympy-1.14.0-py3-none-any.whl.metadata (12 kB)
Collecting networkx>=2.5.1 (from torch!=2.5.0,!=2.5.1,<3,>=2.2.2->magic-pdf)
  Using cached networkx-3.6.1-py3-none-any.whl.metadata (6.8 kB)
Collecting jinja2 (from torch!=2.5.0,!=2.5.1,<3,>=2.2.2->magic-pdf)
  Using cached jinja2-3.1.6-py3-none-any.whl.metadata (2.9 kB)
Collecting fsspec>=0.8.5 (from torch!=2.5.0,!=2.5.1,<3,>=2.2.2->magic-pdf)
  Using cached fsspec-2026.4.0-py3-none-any.whl.metadata (10 kB)
Collecting huggingface-hub<1.0,>=0.34.0 (from transformers!=4.51.0,<5.0.0,>=4.49.0->magic-pdf)
  Using cached huggingface_hub-0.36.2-py3-none-any.whl.metadata (15 kB)
Collecting packaging>=20.0 (from transformers!=4.51.0,<5.0.0,>=4.49.0->magic-pdf)
  Using cached packaging-26.2-py3-none-any.whl.metadata (3.5 kB)
Collecting pyyaml>=5.1 (from transformers!=4.51.0,<5.0.0,>=4.49.0->magic-pdf)
  Downloading pyyaml-6.0.3-cp313-cp313-macosx_11_0_arm64.whl.metadata (2.4 kB)
Collecting regex!=2019.12.17 (from transformers!=4.51.0,<5.0.0,>=4.49.0->magic-pdf)
  Downloading regex-2026.5.9-cp313-cp313-macosx_11_0_arm64.whl.metadata (40 kB)
Collecting tokenizers<=0.23.0,>=0.22.0 (from transformers!=4.51.0,<5.0.0,>=4.49.0->magic-pdf)
  Using cached tokenizers-0.22.2-cp39-abi3-macosx_11_0_arm64.whl.metadata (7.3 kB)
Collecting safetensors>=0.4.3 (from transformers!=4.51.0,<5.0.0,>=4.49.0->magic-pdf)
  Using cached safetensors-0.7.0-cp38-abi3-macosx_11_0_arm64.whl.metadata (4.1 kB)
Collecting hf-xet<2.0.0,>=1.1.3 (from huggingface-hub<1.0,>=0.34.0->transformers!=4.51.0,<5.0.0,>=4.49.0->magic-pdf)
  Using cached hf_xet-1.5.0-cp37-abi3-macosx_11_0_arm64.whl.metadata (4.9 kB)
Collecting botocore<1.44.0,>=1.43.7 (from boto3>=1.28.43->magic-pdf)
  Using cached botocore-1.43.7-py3-none-any.whl.metadata (5.6 kB)
Collecting jmespath<2.0.0,>=0.7.1 (from boto3>=1.28.43->magic-pdf)
  Using cached jmespath-1.1.0-py3-none-any.whl.metadata (7.6 kB)
Collecting s3transfer<0.18.0,>=0.17.0 (from boto3>=1.28.43->magic-pdf)
  Using cached s3transfer-0.17.0-py3-none-any.whl.metadata (1.7 kB)
Collecting python-dateutil<3.0.0,>=2.1 (from botocore<1.44.0,>=1.43.7->boto3>=1.28.43->magic-pdf)
  Using cached python_dateutil-2.9.0.post0-py2.py3-none-any.whl.metadata (8.4 kB)
Collecting urllib3!=2.2.0,<3,>=1.25.4 (from botocore<1.44.0,>=1.43.7->boto3>=1.28.43->magic-pdf)
  Using cached urllib3-2.7.0-py3-none-any.whl.metadata (6.9 kB)
Collecting six>=1.5 (from python-dateutil<3.0.0,>=2.1->botocore<1.44.0,>=1.43.7->boto3>=1.28.43->magic-pdf)
  Using cached six-1.17.0-py2.py3-none-any.whl.metadata (1.7 kB)
Collecting cffi>=2.0.0 (from cryptography>=36.0.0->pdfminer.six==20250506->magic-pdf)
  Downloading cffi-2.0.0-cp313-cp313-macosx_11_0_arm64.whl.metadata (2.6 kB)
Collecting pycparser (from cffi>=2.0.0->cryptography>=36.0.0->pdfminer.six==20250506->magic-pdf)
  Using cached pycparser-3.0-py3-none-any.whl.metadata (8.2 kB)
Collecting idna<4,>=2.5 (from requests>=2.32.3->fast-langdetect<0.3.0,>=0.2.3->magic-pdf)
  Using cached idna-3.15-py3-none-any.whl.metadata (7.7 kB)
Collecting certifi>=2023.5.7 (from requests>=2.32.3->fast-langdetect<0.3.0,>=0.2.3->magic-pdf)
  Using cached certifi-2026.4.22-py3-none-any.whl.metadata (2.5 kB)
Collecting colorlog (from robust-downloader>=0.0.2->fast-langdetect<0.3.0,>=0.2.3->magic-pdf)
  Using cached colorlog-6.10.1-py3-none-any.whl.metadata (11 kB)
Collecting scipy>=1.10.0 (from scikit-learn>=1.0.2->magic-pdf)
  Downloading scipy-1.17.1-cp313-cp313-macosx_14_0_arm64.whl.metadata (62 kB)
Collecting joblib>=1.3.0 (from scikit-learn>=1.0.2->magic-pdf)
  Using cached joblib-1.5.3-py3-none-any.whl.metadata (5.5 kB)
Collecting threadpoolctl>=3.2.0 (from scikit-learn>=1.0.2->magic-pdf)
  Using cached threadpoolctl-3.6.0-py3-none-any.whl.metadata (13 kB)
Collecting mpmath<1.4,>=1.1.0 (from sympy>=1.13.3->torch!=2.5.0,!=2.5.1,<3,>=2.2.2->magic-pdf)
  Using cached mpmath-1.3.0-py3-none-any.whl.metadata (8.6 kB)
Collecting MarkupSafe>=2.0 (from jinja2->torch!=2.5.0,!=2.5.1,<3,>=2.2.2->magic-pdf)
  Downloading markupsafe-3.0.3-cp313-cp313-macosx_11_0_arm64.whl.metadata (2.7 kB)
Collecting pillow!=8.3.*,>=5.3.0 (from torchvision->magic-pdf)
  Downloading pillow-12.2.0-cp313-cp313-macosx_11_0_arm64.whl.metadata (8.8 kB)
Downloading magic_pdf-1.3.12-py3-none-any.whl (11.3 MB)
   ━━━━━━━━━━━━━━━━━━━━━━━━━━━━━━━━━━━━━━━━ 11.3/11.3 MB 1.6 MB/s  0:00:07
Downloading pdfminer_six-20250506-py3-none-any.whl (5.6 MB)
   ━━━━━━━━━━━━━━━━━━━━━━━━━━━━━━━━━━━━━━━━ 5.6/5.6 MB 8.3 MB/s  0:00:00
Using cached fast_langdetect-0.2.5-py3-none-any.whl (786 kB)
Using cached pydantic-2.10.6-py3-none-any.whl (431 kB)
Downloading pydantic_core-2.27.2-cp313-cp313-macosx_11_0_arm64.whl (1.8 MB)
   ━━━━━━━━━━━━━━━━━━━━━━━━━━━━━━━━━━━━━━━━ 1.8/1.8 MB 7.9 MB/s  0:00:00
Using cached PyMuPDF-1.24.14-cp39-abi3-macosx_11_0_arm64.whl (18.4 MB)
Downloading torch-2.12.0-cp313-cp313-macosx_14_0_arm64.whl (88.0 MB)
   ━━━━━━━━━━━━━━━━━━━━━━━━━━━━━━━━━━━━━━━━ 88.0/88.0 MB 6.0 MB/s  0:00:14
Using cached setuptools-81.0.0-py3-none-any.whl (1.1 MB)
Using cached transformers-4.57.6-py3-none-any.whl (12.0 MB)
Using cached huggingface_hub-0.36.2-py3-none-any.whl (566 kB)
Using cached hf_xet-1.5.0-cp37-abi3-macosx_11_0_arm64.whl (3.8 MB)
Using cached tokenizers-0.22.2-cp39-abi3-macosx_11_0_arm64.whl (3.0 MB)
Using cached annotated_types-0.7.0-py3-none-any.whl (13 kB)
Using cached boto3-1.43.7-py3-none-any.whl (140 kB)
Using cached botocore-1.43.7-py3-none-any.whl (15.0 MB)
Using cached jmespath-1.1.0-py3-none-any.whl (20 kB)
Using cached python_dateutil-2.9.0.post0-py2.py3-none-any.whl (229 kB)
Using cached s3transfer-0.17.0-py3-none-any.whl (86 kB)
Using cached urllib3-2.7.0-py3-none-any.whl (131 kB)
Downloading brotli-1.2.0-cp313-cp313-macosx_10_13_universal2.whl (861 kB)
   ━━━━━━━━━━━━━━━━━━━━━━━━━━━━━━━━━━━━━━━━ 861.5/861.5 kB 9.9 MB/s  0:00:00
Downloading charset_normalizer-3.4.7-cp313-cp313-macosx_10_13_universal2.whl (309 kB)
Using cached click-8.3.3-py3-none-any.whl (110 kB)
Using cached cryptography-48.0.0-cp311-abi3-macosx_10_9_universal2.whl (8.0 MB)
Downloading cffi-2.0.0-cp313-cp313-macosx_11_0_arm64.whl (181 kB)
Downloading fasttext_predict-0.9.2.4-cp313-cp313-macosx_11_0_arm64.whl (97 kB)
Using cached fsspec-2026.4.0-py3-none-any.whl (203 kB)
Using cached loguru-0.7.3-py3-none-any.whl (61 kB)
Using cached networkx-3.6.1-py3-none-any.whl (2.1 MB)
Downloading numpy-2.4.4-cp313-cp313-macosx_14_0_arm64.whl (5.2 MB)
   ━━━━━━━━━━━━━━━━━━━━━━━━━━━━━━━━━━━━━━━━ 5.2/5.2 MB 5.7 MB/s  0:00:00
Using cached packaging-26.2-py3-none-any.whl (100 kB)
Downloading pyyaml-6.0.3-cp313-cp313-macosx_11_0_arm64.whl (173 kB)
Downloading regex-2026.5.9-cp313-cp313-macosx_11_0_arm64.whl (289 kB)
Using cached requests-2.34.1-py3-none-any.whl (73 kB)
Using cached idna-3.15-py3-none-any.whl (72 kB)
Using cached certifi-2026.4.22-py3-none-any.whl (135 kB)
Using cached robust_downloader-0.0.2-py3-none-any.whl (15 kB)
Using cached safetensors-0.7.0-cp38-abi3-macosx_11_0_arm64.whl (447 kB)
Downloading scikit_learn-1.8.0-cp313-cp313-macosx_12_0_arm64.whl (8.0 MB)
   ━━━━━━━━━━━━━━━━━━━━━━━━━━━━━━━━━━━━━━━━ 8.0/8.0 MB 4.7 MB/s  0:00:01
Using cached joblib-1.5.3-py3-none-any.whl (309 kB)
Downloading scipy-1.17.1-cp313-cp313-macosx_14_0_arm64.whl (20.3 MB)
   ━━━━━━━━━━━━━━━━━━━━━━━━━━━━━━━━━━━━━━━━ 20.3/20.3 MB 6.2 MB/s  0:00:03
Using cached six-1.17.0-py2.py3-none-any.whl (11 kB)
Using cached sympy-1.14.0-py3-none-any.whl (6.3 MB)
Using cached mpmath-1.3.0-py3-none-any.whl (536 kB)
Using cached threadpoolctl-3.6.0-py3-none-any.whl (18 kB)
Using cached tqdm-4.67.3-py3-none-any.whl (78 kB)
Using cached typing_extensions-4.15.0-py3-none-any.whl (44 kB)
Using cached colorlog-6.10.1-py3-none-any.whl (11 kB)
Using cached filelock-3.29.0-py3-none-any.whl (39 kB)
Using cached jinja2-3.1.6-py3-none-any.whl (134 kB)
Downloading markupsafe-3.0.3-cp313-cp313-macosx_11_0_arm64.whl (12 kB)
Using cached pycparser-3.0-py3-none-any.whl (48 kB)
Downloading torchvision-0.27.0-cp313-cp313-macosx_14_0_arm64.whl (1.8 MB)
   ━━━━━━━━━━━━━━━━━━━━━━━━━━━━━━━━━━━━━━━━ 1.8/1.8 MB 8.6 MB/s  0:00:00
Downloading pillow-12.2.0-cp313-cp313-macosx_11_0_arm64.whl (4.7 MB)
   ━━━━━━━━━━━━━━━━━━━━━━━━━━━━━━━━━━━━━━━━ 4.7/4.7 MB 6.5 MB/s  0:00:00
Installing collected packages: mpmath, fasttext-predict, Brotli, urllib3, typing-extensions, tqdm, threadpoolctl, sympy, six, setuptools, safetensors, regex, pyyaml, PyMuPDF, pycparser, pillow, packaging, numpy, networkx, MarkupSafe, loguru, joblib, jmespath, idna, hf-xet, fsspec, filelock, colorlog, click, charset-normalizer, certifi, annotated-types, scipy, requests, python-dateutil, pydantic-core, jinja2, cffi, torch, scikit-learn, robust-downloader, pydantic, huggingface-hub, cryptography, botocore, torchvision, tokenizers, s3transfer, pdfminer.six, fast-langdetect, transformers, boto3, magic-pdf

Successfully installed Brotli-1.2.0 MarkupSafe-3.0.3 PyMuPDF-1.24.14 annotated-types-0.7.0 boto3-1.43.7 botocore-1.43.7 certifi-2026.4.22 cffi-2.0.0 charset-normalizer-3.4.7 click-8.3.3 colorlog-6.10.1 cryptography-48.0.0 fast-langdetect-0.2.5 fasttext-predict-0.9.2.4 filelock-3.29.0 fsspec-2026.4.0 hf-xet-1.5.0 huggingface-hub-0.36.2 idna-3.15 jinja2-3.1.6 jmespath-1.1.0 joblib-1.5.3 loguru-0.7.3 magic-pdf-1.3.12 mpmath-1.3.0 networkx-3.6.1 numpy-2.4.4 packaging-26.2 pdfminer.six-20250506 pillow-12.2.0 pycparser-3.0 pydantic-2.10.6 pydantic-core-2.27.2 python-dateutil-2.9.0.post0 pyyaml-6.0.3 regex-2026.5.9 requests-2.34.1 robust-downloader-0.0.2 s3transfer-0.17.0 safetensors-0.7.0 scikit-learn-1.8.0 scipy-1.17.1 setuptools-81.0.0 six-1.17.0 sympy-1.14.0 threadpoolctl-3.6.0 tokenizers-0.22.2 torch-2.12.0 torchvision-0.27.0 tqdm-4.67.3 transformers-4.57.6 typing-extensions-4.15.0 urllib3-2.7.0

[notice] A new release of pip is available: 26.1 -> 26.1.1
[notice] To update, run: /Users/cui/Documents/pytest/standard-pdf-md-lab/.venv-mineru/bin/python3.13 -m pip install --upgrade pip
